{
  "stats": {
    "suites": 1,
    "tests": 7,
    "passes": 7,
    "pending": 0,
    "failures": 0,
    "start": "2024-05-28T08:07:02.458Z",
    "end": "2024-05-28T08:07:25.759Z",
    "duration": 23301,
    "testsRegistered": 7,
    "passPercent": 100,
    "pendingPercent": 0,
    "other": 0,
    "hasOther": false,
    "skipped": 0,
    "hasSkipped": false
  },
  "results": [
    {
      "uuid": "9f55f864-7f4f-466b-aefb-8e7c99ad8785",
      "title": "",
      "fullFile": "cypress\\e2e\\task.spec.js",
      "file": "cypress\\e2e\\task.spec.js",
      "beforeHooks": [],
      "afterHooks": [],
      "tests": [],
      "suites": [
        {
          "uuid": "3fcce666-af3e-457b-9438-ca15a53ae022",
          "title": "Practice Page and title",
          "fullFile": "",
          "file": "",
          "beforeHooks": [],
          "afterHooks": [],
          "tests": [
            {
              "title": "should display the correct page title",
              "fullTitle": "Practice Page and title should display the correct page title",
              "timedOut": null,
              "duration": 6014,
              "state": "passed",
              "speed": "medium",
              "pass": true,
              "fail": false,
              "pending": false,
              "context": null,
              "code": "_homePage.default.assertPageTitle('Practice Page');",
              "err": {},
              "uuid": "758f6af7-bb26-4cc9-9802-303524db2d9b",
              "parentUUID": "3fcce666-af3e-457b-9438-ca15a53ae022",
              "isHook": false,
              "skipped": false
            },
            {
              "title": "should display alert with text from file",
              "fullTitle": "Practice Page and title should display alert with text from file",
              "timedOut": null,
              "duration": 4303,
              "state": "passed",
              "speed": "fast",
              "pass": true,
              "fail": false,
              "pending": false,
              "context": null,
              "code": "_alertText.default.readAlertContentFromFile();",
              "err": {},
              "uuid": "7ffe8950-d30c-48ea-848a-e4906fd99e71",
              "parentUUID": "3fcce666-af3e-457b-9438-ca15a53ae022",
              "isHook": false,
              "skipped": false
            },
            {
              "title": "should handle the dropdwn options",
              "fullTitle": "Practice Page and title should handle the dropdwn options",
              "timedOut": null,
              "duration": 2245,
              "state": "passed",
              "speed": "fast",
              "pass": true,
              "fail": false,
              "pending": false,
              "context": null,
              "code": "_homePage.default.practicePageDropDown();",
              "err": {},
              "uuid": "3946dcaf-b8f5-4a6e-a1eb-f9be08277fc9",
              "parentUUID": "3fcce666-af3e-457b-9438-ca15a53ae022",
              "isHook": false,
              "skipped": false
            },
            {
              "title": "should upload dummy image from system",
              "fullTitle": "Practice Page and title should upload dummy image from system",
              "timedOut": null,
              "duration": 2263,
              "state": "passed",
              "speed": "fast",
              "pass": true,
              "fail": false,
              "pending": false,
              "context": null,
              "code": "_homePage.default.uploadImage();",
              "err": {},
              "uuid": "e1cc0f9c-dbb3-4b88-bff2-b57bff64c953",
              "parentUUID": "3fcce666-af3e-457b-9438-ca15a53ae022",
              "isHook": false,
              "skipped": false
            },
            {
              "title": "should open new tab to verify",
              "fullTitle": "Practice Page and title should open new tab to verify",
              "timedOut": null,
              "duration": 2155,
              "state": "passed",
              "speed": "fast",
              "pass": true,
              "fail": false,
              "pending": false,
              "context": null,
              "code": "_homePage.default.openNewTab();",
              "err": {},
              "uuid": "333d047f-a93c-4983-ae83-ce48482d4fe0",
              "parentUUID": "3fcce666-af3e-457b-9438-ca15a53ae022",
              "isHook": false,
              "skipped": false
            },
            {
              "title": "should click Confirmation button",
              "fullTitle": "Practice Page and title should click Confirmation button",
              "timedOut": null,
              "duration": 2908,
              "state": "passed",
              "speed": "fast",
              "pass": true,
              "fail": false,
              "pending": false,
              "context": null,
              "code": "_homePage.default.enterInformation();",
              "err": {},
              "uuid": "4161e855-06ba-46e6-8a55-03bbf54ae4f7",
              "parentUUID": "3fcce666-af3e-457b-9438-ca15a53ae022",
              "isHook": false,
              "skipped": false
            },
            {
              "title": "should hide and show input field",
              "fullTitle": "Practice Page and title should hide and show input field",
              "timedOut": null,
              "duration": 2847,
              "state": "passed",
              "speed": "fast",
              "pass": true,
              "fail": false,
              "pending": false,
              "context": null,
              "code": "_homePage.default.hideAndShowField();",
              "err": {},
              "uuid": "9308d088-b234-490c-babd-a5d1200afabc",
              "parentUUID": "3fcce666-af3e-457b-9438-ca15a53ae022",
              "isHook": false,
              "skipped": false
            }
          ],
          "suites": [],
          "passes": [
            "758f6af7-bb26-4cc9-9802-303524db2d9b",
            "7ffe8950-d30c-48ea-848a-e4906fd99e71",
            "3946dcaf-b8f5-4a6e-a1eb-f9be08277fc9",
            "e1cc0f9c-dbb3-4b88-bff2-b57bff64c953",
            "333d047f-a93c-4983-ae83-ce48482d4fe0",
            "4161e855-06ba-46e6-8a55-03bbf54ae4f7",
            "9308d088-b234-490c-babd-a5d1200afabc"
          ],
          "failures": [],
          "pending": [],
          "skipped": [],
          "duration": 22735,
          "root": false,
          "rootEmpty": false,
          "_timeout": 2000
        }
      ],
      "passes": [],
      "failures": [],
      "pending": [],
      "skipped": [],
      "duration": 0,
      "root": true,
      "rootEmpty": true,
      "_timeout": 2000
    }
  ],
  "meta": {
    "mocha": {
      "version": "7.0.1"
    },
    "mochawesome": {
      "options": {
        "quiet": false,
        "reportFilename": "mochawesome",
        "saveHtml": true,
        "saveJson": true,
        "consoleReporter": "spec",
        "useInlineDiffs": false,
        "code": true
      },
      "version": "7.1.3"
    },
    "marge": {
      "options": {
        "id": "default"
      },
      "version": "6.2.0"
    }
  }
}